c:\users\agust\source\repos\gullinoagus\tp2eda\debug\vc142.pdb
c:\users\agust\source\repos\gullinoagus\tp2eda\debug\sencostable.obj
c:\users\agust\source\repos\gullinoagus\tp2eda\debug\parser.obj
c:\users\agust\source\repos\gullinoagus\tp2eda\debug\main.obj
c:\users\agust\source\repos\gullinoagus\tp2eda\debug\limpiador.obj
c:\users\agust\source\repos\gullinoagus\tp2eda\debug\init.obj
c:\users\agust\source\repos\gullinoagus\tp2eda\debug\graphics.obj
c:\users\agust\source\repos\gullinoagus\tp2eda\debug\tp2eda.exe
c:\users\agust\source\repos\gullinoagus\tp2eda\debug\tp2eda.ilk
c:\users\agust\source\repos\gullinoagus\tp2eda\debug\tp2eda.pdb
c:\users\agust\source\repos\gullinoagus\tp2eda\debug\allegro-debug-5.2.dll
c:\users\agust\source\repos\gullinoagus\tp2eda\debug\allegro_font-debug-5.2.dll
c:\users\agust\source\repos\gullinoagus\tp2eda\debug\allegro_primitives-debug-5.2.dll
c:\users\agust\source\repos\gullinoagus\tp2eda\debug\allegro_ttf-debug-5.2.dll
c:\users\agust\source\repos\gullinoagus\tp2eda\debug\freetyped.dll
c:\users\agust\source\repos\gullinoagus\tp2eda\debug\zlibd1.dll
c:\users\agust\source\repos\gullinoagus\tp2eda\debug\bz2d.dll
c:\users\agust\source\repos\gullinoagus\tp2eda\debug\libpng16d.dll
c:\users\agust\source\repos\gullinoagus\tp2eda\debug\brotlidec.dll
c:\users\agust\source\repos\gullinoagus\tp2eda\debug\brotlicommon.dll
c:\users\agust\source\repos\gullinoagus\tp2eda\debug\tp2eda.tlog\cl.command.1.tlog
c:\users\agust\source\repos\gullinoagus\tp2eda\debug\tp2eda.tlog\cl.read.1.tlog
c:\users\agust\source\repos\gullinoagus\tp2eda\debug\tp2eda.tlog\cl.write.1.tlog
c:\users\agust\source\repos\gullinoagus\tp2eda\debug\tp2eda.tlog\link.command.1.tlog
c:\users\agust\source\repos\gullinoagus\tp2eda\debug\tp2eda.tlog\link.read.1.tlog
c:\users\agust\source\repos\gullinoagus\tp2eda\debug\tp2eda.tlog\link.write.1.tlog
c:\users\agust\source\repos\gullinoagus\tp2eda\debug\tp2eda.tlog\tp2eda.write.1u.tlog
