c:\users\agust\source\repos\gullinoagus\tp2eda\release\vc142.pdb
c:\users\agust\source\repos\gullinoagus\tp2eda\release\sencostable.obj
c:\users\agust\source\repos\gullinoagus\tp2eda\release\parser.obj
c:\users\agust\source\repos\gullinoagus\tp2eda\release\main.obj
c:\users\agust\source\repos\gullinoagus\tp2eda\release\limpiador.obj
c:\users\agust\source\repos\gullinoagus\tp2eda\release\init.obj
c:\users\agust\source\repos\gullinoagus\tp2eda\release\graphics.obj
c:\users\agust\source\repos\gullinoagus\tp2eda\release\tp2eda.exe
c:\users\agust\source\repos\gullinoagus\tp2eda\release\tp2eda.pdb
c:\users\agust\source\repos\gullinoagus\tp2eda\release\allegro-5.2.dll
c:\users\agust\source\repos\gullinoagus\tp2eda\release\allegro_font-5.2.dll
c:\users\agust\source\repos\gullinoagus\tp2eda\release\allegro_primitives-5.2.dll
c:\users\agust\source\repos\gullinoagus\tp2eda\release\allegro_ttf-5.2.dll
c:\users\agust\source\repos\gullinoagus\tp2eda\release\freetype.dll
c:\users\agust\source\repos\gullinoagus\tp2eda\release\zlib1.dll
c:\users\agust\source\repos\gullinoagus\tp2eda\release\bz2.dll
c:\users\agust\source\repos\gullinoagus\tp2eda\release\libpng16.dll
c:\users\agust\source\repos\gullinoagus\tp2eda\release\brotlidec.dll
c:\users\agust\source\repos\gullinoagus\tp2eda\release\brotlicommon.dll
c:\users\agust\source\repos\gullinoagus\tp2eda\release\tp2eda.tlog\cl.command.1.tlog
c:\users\agust\source\repos\gullinoagus\tp2eda\release\tp2eda.tlog\cl.read.1.tlog
c:\users\agust\source\repos\gullinoagus\tp2eda\release\tp2eda.tlog\cl.write.1.tlog
c:\users\agust\source\repos\gullinoagus\tp2eda\release\tp2eda.tlog\link.command.1.tlog
c:\users\agust\source\repos\gullinoagus\tp2eda\release\tp2eda.tlog\link.read.1.tlog
c:\users\agust\source\repos\gullinoagus\tp2eda\release\tp2eda.tlog\link.write.1.tlog
c:\users\agust\source\repos\gullinoagus\tp2eda\release\tp2eda.tlog\tp2eda.write.1u.tlog
